<?xml version="1.0" encoding="UTF-8"?>
<!-- Generated by org.testng.reporters.JUnitReportReporter -->
<testsuite hostname="MacBook-Air" failures="0" tests="1" name="com.batch21.testcases.CreateAccountTest" time="12.051" errors="0" timestamp="2023-01-10T18:34:57 EST" skipped="0">
  <testcase classname="com.batch21.testcases.CreateAccountTest" name="createAccountTest" time="12.051"/>
  <system-out/>
</testsuite> <!-- com.batch21.testcases.CreateAccountTest -->
