<?xml version="1.0" encoding="UTF-8"?>
<!-- Generated by org.testng.reporters.JUnitReportReporter -->
<testsuite hostname="MacBook-Air" failures="0" tests="1" name="com.batch21.util.DbConnection" time="0.499" errors="0" timestamp="2023-01-17T18:56:35 EST" skipped="0">
  <testcase classname="com.batch21.util.DbConnection" name="getConnection" time="0.499"/>
  <system-out/>
</testsuite> <!-- com.batch21.util.DbConnection -->
