<?xml version="1.0" encoding="UTF-8"?>
<!-- Generated by org.testng.reporters.JUnitReportReporter -->
<testsuite hostname="MacBook-Air" failures="0" tests="3" name="com.batch21.testcases.LoginTest" time="19.237" errors="0" timestamp="2023-01-11T21:59:48 EST" skipped="0">
  <testcase classname="com.batch21.testcases.LoginTest" name="loginTest" time="6.828"/>
  <system-out/>
  <testcase classname="com.batch21.testcases.LoginTest" name="loginTest" time="6.191"/>
  <system-out/>
  <testcase classname="com.batch21.testcases.LoginTest" name="loginTest" time="6.218"/>
  <system-out/>
</testsuite> <!-- com.batch21.testcases.LoginTest -->
