<?xml version="1.0" encoding="UTF-8"?>
<!-- Generated by org.testng.reporters.JUnitReportReporter -->
<testsuite hostname="MacBook-Air" failures="0" tests="3" name="com.batch21.testcases.LoginTest" time="20.278" errors="0" timestamp="2023-01-30T21:06:34 EST" skipped="0">
  <testcase classname="com.batch21.testcases.LoginTest" name="loginTest" time="6.706"/>
  <system-out/>
  <testcase classname="com.batch21.testcases.LoginTest" name="loginTest" time="6.841"/>
  <system-out/>
  <testcase classname="com.batch21.testcases.LoginTest" name="loginTest" time="6.731"/>
  <system-out/>
</testsuite> <!-- com.batch21.testcases.LoginTest -->
